<?xml version="1.0" encoding="UTF-8"?>
<!-- Generated by org.testng.reporters.JUnitXMLReporter -->
<testsuite ignored="0" hostname="DESKTOP-JCANQL6" failures="7" tests="20" name="Test" time="19.59" errors="0" timestamp="2024-02-25T13:53:26 IST">
  <testcase classname="demoapi.Login" name="verifyLoginWithInvalidPassword" time="2.084"/>
  <testcase classname="demoapi.Login" name="verifyLoginWithInvalidUsername" time="0.685"/>
  <testcase classname="demoapi.Login" name="verifyLoginWithMissingCredentials" time="0.717"/>
  <testcase classname="demoapi.Login" name="verifyLoginWithUnusualCharactersInCredentials" time="0.701"/>
  <testcase classname="demoapi.Login" name="verifyLoginWithValidCredentials" time="0.669">
    <failure type="java.lang.AssertionError" message="expected [true] but found [false]">
      <![CDATA[java.lang.AssertionError: expected [true] but found [false]
at demoapi.Login.verifyLoginWithValidCredentials(Login.java:18)
at java.base/java.util.ArrayList.forEach(ArrayList.java:1511)
... Removed 29 stack frames]]>
    </failure>
  </testcase> <!-- verifyLoginWithValidCredentials -->
  <testcase classname="demoapi.ProductAddTest" name="testAddProduct" time="3.631"/>
  <testcase classname="demoapi.ProductAddTest" name="testAddProduct" time="0.679">
    <failure type="java.lang.AssertionError" message="Expected status code does not match! expected [400] but found [200]">
      <![CDATA[java.lang.AssertionError: Expected status code does not match! expected [400] but found [200]
at demoapi.ProductAddTest.testAddProduct(ProductAddTest.java:36)
at java.base/java.util.ArrayList.forEach(ArrayList.java:1511)
... Removed 30 stack frames]]>
    </failure>
  </testcase> <!-- testAddProduct -->
  <testcase classname="demoapi.ProductAddTest" name="testAddProduct" time="0.671">
    <failure type="java.lang.AssertionError" message="Expected status code does not match! expected [400] but found [200]">
      <![CDATA[java.lang.AssertionError: Expected status code does not match! expected [400] but found [200]
at demoapi.ProductAddTest.testAddProduct(ProductAddTest.java:36)
at java.base/java.util.ArrayList.forEach(ArrayList.java:1511)
... Removed 30 stack frames]]>
    </failure>
  </testcase> <!-- testAddProduct -->
  <testcase classname="demoapi.ProductAddTest" name="testAddProduct" time="0.676">
    <failure type="java.lang.AssertionError" message="Expected status code does not match! expected [400] but found [200]">
      <![CDATA[java.lang.AssertionError: Expected status code does not match! expected [400] but found [200]
at demoapi.ProductAddTest.testAddProduct(ProductAddTest.java:36)
at java.base/java.util.ArrayList.forEach(ArrayList.java:1511)
... Removed 30 stack frames]]>
    </failure>
  </testcase> <!-- testAddProduct -->
  <testcase classname="demoapi.ProductAddTest" name="testAddProduct" time="0.685"/>
  <testcase classname="demoapi.ProductAddTest" name="testAddProduct" time="0.691"/>
  <testcase classname="demoapi.ProductAddTest" name="testAddProduct" time="0.701">
    <failure type="java.lang.AssertionError" message="Expected status code does not match! expected [400] but found [200]">
      <![CDATA[java.lang.AssertionError: Expected status code does not match! expected [400] but found [200]
at demoapi.ProductAddTest.testAddProduct(ProductAddTest.java:36)
at java.base/java.util.ArrayList.forEach(ArrayList.java:1511)
... Removed 30 stack frames]]>
    </failure>
  </testcase> <!-- testAddProduct -->
  <testcase classname="demoapi.Search" name="testSearchWithLongString" time="0.804"/>
  <testcase classname="demoapi.Search" name="testSearchWithMixedCaseQuery" time="1.741">
    <failure type="java.lang.AssertionError" message="1 expectation failed.
JSON path products.title doesn&amp;apos;t match.
Expected: every item is a string containing &amp;quot;phone&amp;quot; ignoring case
  Actual: &amp;lt;[iPhone 9, iPhone X, Women Shoulder Bags, Bluetooth Aux]&amp;gt;
">
      <![CDATA[java.lang.AssertionError: 1 expectation failed.
JSON path products.title doesn't match.
Expected: every item is a string containing "phone" ignoring case
  Actual: <[iPhone 9, iPhone X, Women Shoulder Bags, Bluetooth Aux]>

at org.codehaus.groovy.runtime.callsite.ConstructorSite$ConstructorSiteNoUnwrapNoCoerce.callConstructor(ConstructorSite.java:105)
at org.codehaus.groovy.runtime.callsite.CallSiteArray.defaultCallConstructor(CallSiteArray.java:59)
at org.codehaus.groovy.runtime.callsite.AbstractCallSite.callConstructor(AbstractCallSite.java:263)
at org.codehaus.groovy.runtime.callsite.AbstractCallSite.callConstructor(AbstractCallSite.java:277)
at io.restassured.internal.ResponseSpecificationImpl$HamcrestAssertionClosure.validate(ResponseSpecificationImpl.groovy:493)
at io.restassured.internal.ResponseSpecificationImpl$HamcrestAssertionClosure$validate$1.call(Unknown Source)
at io.restassured.internal.ResponseSpecificationImpl.validateResponseIfRequired(ResponseSpecificationImpl.groovy:674)
at org.codehaus.groovy.runtime.callsite.PlainObjectMetaMethodSite.doInvoke(PlainObjectMetaMethodSite.java:43)
at org.codehaus.groovy.runtime.callsite.PogoMetaMethodSite$PogoCachedMethodSiteNoUnwrapNoCoerce.invoke(PogoMetaMethodSite.java:193)
at org.codehaus.groovy.runtime.callsite.PogoMetaMethodSite.callCurrent(PogoMetaMethodSite.java:61)
at org.codehaus.groovy.runtime.callsite.CallSiteArray.defaultCallCurrent(CallSiteArray.java:51)
at org.codehaus.groovy.runtime.callsite.AbstractCallSite.callCurrent(AbstractCallSite.java:171)
at org.codehaus.groovy.runtime.callsite.AbstractCallSite.callCurrent(AbstractCallSite.java:185)
at io.restassured.internal.ResponseSpecificationImpl.body(ResponseSpecificationImpl.groovy:261)
at io.restassured.specification.ResponseSpecification$body$1.callCurrent(Unknown Source)
at org.codehaus.groovy.runtime.callsite.CallSiteArray.defaultCallCurrent(CallSiteArray.java:51)
at org.codehaus.groovy.runtime.callsite.AbstractCallSite.callCurrent(AbstractCallSite.java:171)
at org.codehaus.groovy.runtime.callsite.AbstractCallSite.callCurrent(AbstractCallSite.java:212)
at io.restassured.internal.ResponseSpecificationImpl.body(ResponseSpecificationImpl.groovy:108)
at io.restassured.internal.ValidatableResponseOptionsImpl.body(ValidatableResponseOptionsImpl.java:244)
at io.restassured.internal.ValidatableResponseImpl.super$2$body(ValidatableResponseImpl.groovy)
at groovy.lang.MetaMethod.doMethodInvoke(MetaMethod.java:323)
at groovy.lang.MetaClassImpl.invokeMethod(MetaClassImpl.java:1268)
at org.codehaus.groovy.runtime.ScriptBytecodeAdapter.invokeMethodOnSuperN(ScriptBytecodeAdapter.java:144)
at io.restassured.internal.ValidatableResponseImpl.body(ValidatableResponseImpl.groovy:298)
at io.restassured.internal.ValidatableResponseImpl.body(ValidatableResponseImpl.groovy)
at demoapi.Search.testSearchWithMixedCaseQuery(Search.java:58)
at java.base/java.util.ArrayList.forEach(ArrayList.java:1511)
... Removed 34 stack frames]]>
    </failure>
  </testcase> <!-- testSearchWithMixedCaseQuery -->
  <testcase classname="demoapi.Search" name="testSearchWithNonExistentProduct" time="0.808"/>
  <testcase classname="demoapi.Search" name="testSearchWithNumericQuery" time="0.685"/>
  <testcase classname="demoapi.Search" name="testSearchWithQueryPhone" time="0.713"/>
  <testcase classname="demoapi.Search" name="testSearchWithSpecialCharacters" time="0.706"/>
  <testcase classname="demoapi.Search" name="testSearchWithSpecificProductName" time="0.697"/>
  <testcase classname="demoapi.Search" name="testSearchWithoutQuery" time="0.666">
    <failure type="java.lang.AssertionError" message="1 expectation failed.
Expected status code &amp;lt;400&amp;gt; but was &amp;lt;200&amp;gt;.
">
      <![CDATA[java.lang.AssertionError: 1 expectation failed.
Expected status code <400> but was <200>.

at org.codehaus.groovy.runtime.callsite.ConstructorSite$ConstructorSiteNoUnwrapNoCoerce.callConstructor(ConstructorSite.java:105)
at org.codehaus.groovy.runtime.callsite.AbstractCallSite.callConstructor(AbstractCallSite.java:277)
at io.restassured.internal.ResponseSpecificationImpl$HamcrestAssertionClosure.validate(ResponseSpecificationImpl.groovy:493)
at io.restassured.internal.ResponseSpecificationImpl$HamcrestAssertionClosure$validate$1.call(Unknown Source)
at io.restassured.internal.ResponseSpecificationImpl.validateResponseIfRequired(ResponseSpecificationImpl.groovy:674)
at org.codehaus.groovy.runtime.callsite.PlainObjectMetaMethodSite.doInvoke(PlainObjectMetaMethodSite.java:43)
at org.codehaus.groovy.runtime.callsite.PogoMetaMethodSite$PogoCachedMethodSiteNoUnwrapNoCoerce.invoke(PogoMetaMethodSite.java:193)
at org.codehaus.groovy.runtime.callsite.PogoMetaMethodSite.callCurrent(PogoMetaMethodSite.java:61)
at org.codehaus.groovy.runtime.callsite.AbstractCallSite.callCurrent(AbstractCallSite.java:185)
at io.restassured.internal.ResponseSpecificationImpl.statusCode(ResponseSpecificationImpl.groovy:126)
at io.restassured.specification.ResponseSpecification$statusCode$0.callCurrent(Unknown Source)
at io.restassured.internal.ResponseSpecificationImpl.statusCode(ResponseSpecificationImpl.groovy:134)
at io.restassured.internal.ValidatableResponseOptionsImpl.statusCode(ValidatableResponseOptionsImpl.java:89)
at io.restassured.internal.ValidatableResponseImpl.super$2$statusCode(ValidatableResponseImpl.groovy)
at groovy.lang.MetaMethod.doMethodInvoke(MetaMethod.java:323)
at groovy.lang.MetaClassImpl.invokeMethod(MetaClassImpl.java:1268)
at org.codehaus.groovy.runtime.ScriptBytecodeAdapter.invokeMethodOnSuperN(ScriptBytecodeAdapter.java:144)
at io.restassured.internal.ValidatableResponseImpl.statusCode(ValidatableResponseImpl.groovy:142)
at io.restassured.internal.ValidatableResponseImpl.statusCode(ValidatableResponseImpl.groovy)
at demoapi.Search.testSearchWithoutQuery(Search.java:31)
at java.base/java.util.ArrayList.forEach(ArrayList.java:1511)
... Removed 34 stack frames]]>
    </failure>
  </testcase> <!-- testSearchWithoutQuery -->
</testsuite> <!-- Test -->
