<!DOCTYPE html PUBLIC "-//W3C//DTD XHTML 1.1//EN" "https://www.w3.org/TR/xhtml11/DTD/xhtml11.dtd">
<html xmlns="https://www.w3.org/1999/xhtml">
<head>
<meta http-equiv="content-type" content="text/html; charset=UTF-8"/>
<title>TestNG Report</title>
<style type="text/css">table {margin-bottom:10px;border-collapse:collapse;empty-cells:show}th,td {border:1px solid #009;padding:.25em .5em}th {vertical-align:bottom}td {vertical-align:top}table a {font-weight:bold}.stripe td {background-color: #E6EBF9}.num {text-align:right}.passedodd td {background-color: #3F3}.passedeven td {background-color: #0A0}.skippedodd td {background-color: #DDD}.skippedeven td {background-color: #CCC}.failedodd td,.attn {background-color: #F33}.failedeven td,.stripe .attn {background-color: #D00}.stacktrace {white-space:pre;font-family:monospace}.totop {font-size:85%;text-align:center;border-bottom:2px solid #000}.invisible {display:none}</style>
</head>
<body>
<table>
<tr><th>Test</th><th># Passed</th><th># Skipped</th><th># Retried</th><th># Failed</th><th>Time (ms)</th><th>Included Groups</th><th>Excluded Groups</th></tr>
<tr><th colspan="8">Suite</th></tr>
<tr><td><a href="#t0">Test</a></td><td class="num">13</td><td class="num">0</td><td class="num">0</td><td class="num attn">7</td><td class="num">19,590</td><td></td><td></td></tr>
</table>
<table id='summary'><thead><tr><th>Class</th><th>Method</th><th>Start</th><th>Time (ms)</th></tr></thead><tbody><tr><th colspan="4">Suite</th></tr></tbody><tbody id="t0"><tr><th colspan="4">Test &#8212; failed</th></tr><tr class="failedeven"><td rowspan="1">demoapi.Login</td><td><a href="#m0">verifyLoginWithValidCredentials</a></td><td rowspan="1">1708849391311</td><td rowspan="1">669</td></tr><tr class="failedodd"><td rowspan="4">demoapi.ProductAddTest</td><td><a href="#m1">testAddProduct</a></td><td rowspan="4">1708849396988</td><td rowspan="4">676</td></tr><tr class="failedodd"><td><a href="#m2">testAddProduct</a></td></tr><tr class="failedodd"><td><a href="#m3">testAddProduct</a></td></tr><tr class="failedodd"><td><a href="#m4">testAddProduct</a></td></tr><tr class="failedeven"><td rowspan="2">demoapi.Search</td><td><a href="#m5">testSearchWithMixedCaseQuery</a></td><td rowspan="1">1708849400565</td><td rowspan="1">1741</td></tr><tr class="failedeven"><td><a href="#m6">testSearchWithoutQuery</a></td><td rowspan="1">1708849405928</td><td rowspan="1">666</td></tr><tr><th colspan="4">Test &#8212; passed</th></tr><tr class="passedeven"><td rowspan="4">demoapi.Login</td><td><a href="#m7">verifyLoginWithInvalidPassword</a></td><td rowspan="1">1708849387101</td><td rowspan="1">2084</td></tr><tr class="passedeven"><td><a href="#m8">verifyLoginWithInvalidUsername</a></td><td rowspan="1">1708849389194</td><td rowspan="1">685</td></tr><tr class="passedeven"><td><a href="#m9">verifyLoginWithMissingCredentials</a></td><td rowspan="1">1708849389886</td><td rowspan="1">717</td></tr><tr class="passedeven"><td><a href="#m10">verifyLoginWithUnusualCharactersInCredentials</a></td><td rowspan="1">1708849390608</td><td rowspan="1">701</td></tr><tr class="passedodd"><td rowspan="3">demoapi.ProductAddTest</td><td><a href="#m11">testAddProduct</a></td><td rowspan="3">1708849391998</td><td rowspan="3">3631</td></tr><tr class="passedodd"><td><a href="#m12">testAddProduct</a></td></tr><tr class="passedodd"><td><a href="#m13">testAddProduct</a></td></tr><tr class="passedeven"><td rowspan="6">demoapi.Search</td><td><a href="#m14">testSearchWithLongString</a></td><td rowspan="1">1708849399760</td><td rowspan="1">804</td></tr><tr class="passedeven"><td><a href="#m15">testSearchWithNonExistentProduct</a></td><td rowspan="1">1708849402310</td><td rowspan="1">808</td></tr><tr class="passedeven"><td><a href="#m16">testSearchWithNumericQuery</a></td><td rowspan="1">1708849403119</td><td rowspan="1">685</td></tr><tr class="passedeven"><td><a href="#m17">testSearchWithQueryPhone</a></td><td rowspan="1">1708849403805</td><td rowspan="1">713</td></tr><tr class="passedeven"><td><a href="#m18">testSearchWithSpecialCharacters</a></td><td rowspan="1">1708849404520</td><td rowspan="1">706</td></tr><tr class="passedeven"><td><a href="#m19">testSearchWithSpecificProductName</a></td><td rowspan="1">1708849405228</td><td rowspan="1">697</td></tr></tbody>
</table>
<h2>Test</h2><h3 id="m0">demoapi.Login#verifyLoginWithValidCredentials</h3><table class="result"><tr><th>Exception</th></tr><tr><td><div class="stacktrace">java.lang.AssertionError: expected [true] but found [false]
	at demoapi.Login.verifyLoginWithValidCredentials(Login.java:18)
	at java.base/java.util.ArrayList.forEach(ArrayList.java:1511)
... Removed 29 stack frames</div></td></tr></table><p class="totop"><a href="#summary">back to summary</a></p>
<h3 id="m1">demoapi.ProductAddTest#testAddProduct</h3><table class="result"><tr class="param"><th>Parameter #1</th><th>Parameter #2</th></tr><tr class="param stripe"><td>{&quot;title&quot;:&quot;LoooooooooLoooooooooLoooooooooLoooooooooLoooooooooLoooooooooLoooooooooLoooooooooLoooooooooLoooooooooLoooooooooLoooooooooLoooooooooLoooooooooLoooooooooLoooooooooLoooooooooLoooooooooLoooooooooLoooooooooLoooooooooLoooooooooLoooooooooLoooooooooLoooooooooLoooooooooLoooooooooLoooooooooLoooooooooLoooooooooLoooooooooLoooooooooLoooooooooLoooooooooLoooooooooLoooooooooLoooooooooLoooooooooLoooooooooLoooooooooLoooooooooLoooooooooLoooooooooLoooooooooLoooooooooLoooooooooLoooooooooLoooooooooLoooooooooLoooooooooLoooooooooLoooooooooLoooooooooLoooooooooLoooooooooLoooooooooLoooooooooLoooooooooLoooooooooLoooooooooLoooooooooLoooooooooLoooooooooLoooooooooLoooooooooLoooooooooLoooooooooLoooooooooLoooooooooLoooooooooLoooooooooLoooooooooLoooooooooLoooooooooLoooooooooLoooooooooLoooooooooLoooooooooLoooooooooLoooooooooLoooooooooLoooooooooLoooooooooLoooooooooLoooooooooLoooooooooLoooooooooLoooooooooLoooooooooLoooooooooLoooooooooLoooooooooLoooooooooLoooooooooLoooooooooLoooooooooLoooooooooLoooooooooLoooooooooLooooooooo&quot;, &quot;description&quot;:&quot;Long title&quot;, &quot;price&quot;:100, &quot;category&quot;:&quot;Test&quot;}</td><td>400</td></tr><tr><th colspan="2">Exception</th></tr><tr><td colspan="2"><div class="stacktrace">java.lang.AssertionError: Expected status code does not match! expected [400] but found [200]
	at demoapi.ProductAddTest.testAddProduct(ProductAddTest.java:36)
	at java.base/java.util.ArrayList.forEach(ArrayList.java:1511)
... Removed 30 stack frames</div></td></tr></table><p class="totop"><a href="#summary">back to summary</a></p>
<h3 id="m2">demoapi.ProductAddTest#testAddProduct</h3><table class="result"><tr class="param"><th>Parameter #1</th><th>Parameter #2</th></tr><tr class="param stripe"><td>{&quot;title&quot;:&quot;Invalid Price&quot;, &quot;description&quot;:&quot;Test&quot;, &quot;price&quot;:&quot;one hundred&quot;, &quot;category&quot;:&quot;Test&quot;}</td><td>400</td></tr><tr><th colspan="2">Exception</th></tr><tr><td colspan="2"><div class="stacktrace">java.lang.AssertionError: Expected status code does not match! expected [400] but found [200]
	at demoapi.ProductAddTest.testAddProduct(ProductAddTest.java:36)
	at java.base/java.util.ArrayList.forEach(ArrayList.java:1511)
... Removed 30 stack frames</div></td></tr></table><p class="totop"><a href="#summary">back to summary</a></p>
<h3 id="m3">demoapi.ProductAddTest#testAddProduct</h3><table class="result"><tr class="param"><th>Parameter #1</th><th>Parameter #2</th></tr><tr class="param stripe"><td>{&quot;description&quot;:&quot;Missing title&quot;, &quot;price&quot;:100}</td><td>400</td></tr><tr><th colspan="2">Exception</th></tr><tr><td colspan="2"><div class="stacktrace">java.lang.AssertionError: Expected status code does not match! expected [400] but found [200]
	at demoapi.ProductAddTest.testAddProduct(ProductAddTest.java:36)
	at java.base/java.util.ArrayList.forEach(ArrayList.java:1511)
... Removed 30 stack frames</div></td></tr></table><p class="totop"><a href="#summary">back to summary</a></p>
<h3 id="m4">demoapi.ProductAddTest#testAddProduct</h3><table class="result"><tr class="param"><th>Parameter #1</th><th>Parameter #2</th></tr><tr class="param stripe"><td>{&quot;title&quot;:&quot;Negative Price&quot;, &quot;description&quot;:&quot;A product with a negative price&quot;, &quot;price&quot;:-100, &quot;category&quot;:&quot;Test&quot;}</td><td>400</td></tr><tr><th colspan="2">Exception</th></tr><tr><td colspan="2"><div class="stacktrace">java.lang.AssertionError: Expected status code does not match! expected [400] but found [200]
	at demoapi.ProductAddTest.testAddProduct(ProductAddTest.java:36)
	at java.base/java.util.ArrayList.forEach(ArrayList.java:1511)
... Removed 30 stack frames</div></td></tr></table><p class="totop"><a href="#summary">back to summary</a></p>
<h3 id="m5">demoapi.Search#testSearchWithMixedCaseQuery</h3><table class="result"><tr><th>Exception</th></tr><tr><td><div class="stacktrace">java.lang.AssertionError: 1 expectation failed.
JSON path products.title doesn&apos;t match.
Expected: every item is a string containing &quot;phone&quot; ignoring case
  Actual: &lt;[iPhone 9, iPhone X, Women Shoulder Bags, Bluetooth Aux]&gt;

	at org.codehaus.groovy.runtime.callsite.ConstructorSite$ConstructorSiteNoUnwrapNoCoerce.callConstructor(ConstructorSite.java:105)
	at org.codehaus.groovy.runtime.callsite.CallSiteArray.defaultCallConstructor(CallSiteArray.java:59)
	at org.codehaus.groovy.runtime.callsite.AbstractCallSite.callConstructor(AbstractCallSite.java:263)
	at org.codehaus.groovy.runtime.callsite.AbstractCallSite.callConstructor(AbstractCallSite.java:277)
	at io.restassured.internal.ResponseSpecificationImpl$HamcrestAssertionClosure.validate(ResponseSpecificationImpl.groovy:493)
	at io.restassured.internal.ResponseSpecificationImpl$HamcrestAssertionClosure$validate$1.call(Unknown Source)
	at io.restassured.internal.ResponseSpecificationImpl.validateResponseIfRequired(ResponseSpecificationImpl.groovy:674)
	at org.codehaus.groovy.runtime.callsite.PlainObjectMetaMethodSite.doInvoke(PlainObjectMetaMethodSite.java:43)
	at org.codehaus.groovy.runtime.callsite.PogoMetaMethodSite$PogoCachedMethodSiteNoUnwrapNoCoerce.invoke(PogoMetaMethodSite.java:193)
	at org.codehaus.groovy.runtime.callsite.PogoMetaMethodSite.callCurrent(PogoMetaMethodSite.java:61)
	at org.codehaus.groovy.runtime.callsite.CallSiteArray.defaultCallCurrent(CallSiteArray.java:51)
	at org.codehaus.groovy.runtime.callsite.AbstractCallSite.callCurrent(AbstractCallSite.java:171)
	at org.codehaus.groovy.runtime.callsite.AbstractCallSite.callCurrent(AbstractCallSite.java:185)
	at io.restassured.internal.ResponseSpecificationImpl.body(ResponseSpecificationImpl.groovy:261)
	at io.restassured.specification.ResponseSpecification$body$1.callCurrent(Unknown Source)
	at org.codehaus.groovy.runtime.callsite.CallSiteArray.defaultCallCurrent(CallSiteArray.java:51)
	at org.codehaus.groovy.runtime.callsite.AbstractCallSite.callCurrent(AbstractCallSite.java:171)
	at org.codehaus.groovy.runtime.callsite.AbstractCallSite.callCurrent(AbstractCallSite.java:212)
	at io.restassured.internal.ResponseSpecificationImpl.body(ResponseSpecificationImpl.groovy:108)
	at io.restassured.internal.ValidatableResponseOptionsImpl.body(ValidatableResponseOptionsImpl.java:244)
	at io.restassured.internal.ValidatableResponseImpl.super$2$body(ValidatableResponseImpl.groovy)
	at groovy.lang.MetaMethod.doMethodInvoke(MetaMethod.java:323)
	at groovy.lang.MetaClassImpl.invokeMethod(MetaClassImpl.java:1268)
	at org.codehaus.groovy.runtime.ScriptBytecodeAdapter.invokeMethodOnSuperN(ScriptBytecodeAdapter.java:144)
	at io.restassured.internal.ValidatableResponseImpl.body(ValidatableResponseImpl.groovy:298)
	at io.restassured.internal.ValidatableResponseImpl.body(ValidatableResponseImpl.groovy)
	at demoapi.Search.testSearchWithMixedCaseQuery(Search.java:58)
	at java.base/java.util.ArrayList.forEach(ArrayList.java:1511)
... Removed 34 stack frames</div></td></tr></table><p class="totop"><a href="#summary">back to summary</a></p>
<h3 id="m6">demoapi.Search#testSearchWithoutQuery</h3><table class="result"><tr><th>Exception</th></tr><tr><td><div class="stacktrace">java.lang.AssertionError: 1 expectation failed.
Expected status code &lt;400&gt; but was &lt;200&gt;.

	at org.codehaus.groovy.runtime.callsite.ConstructorSite$ConstructorSiteNoUnwrapNoCoerce.callConstructor(ConstructorSite.java:105)
	at org.codehaus.groovy.runtime.callsite.AbstractCallSite.callConstructor(AbstractCallSite.java:277)
	at io.restassured.internal.ResponseSpecificationImpl$HamcrestAssertionClosure.validate(ResponseSpecificationImpl.groovy:493)
	at io.restassured.internal.ResponseSpecificationImpl$HamcrestAssertionClosure$validate$1.call(Unknown Source)
	at io.restassured.internal.ResponseSpecificationImpl.validateResponseIfRequired(ResponseSpecificationImpl.groovy:674)
	at org.codehaus.groovy.runtime.callsite.PlainObjectMetaMethodSite.doInvoke(PlainObjectMetaMethodSite.java:43)
	at org.codehaus.groovy.runtime.callsite.PogoMetaMethodSite$PogoCachedMethodSiteNoUnwrapNoCoerce.invoke(PogoMetaMethodSite.java:193)
	at org.codehaus.groovy.runtime.callsite.PogoMetaMethodSite.callCurrent(PogoMetaMethodSite.java:61)
	at org.codehaus.groovy.runtime.callsite.AbstractCallSite.callCurrent(AbstractCallSite.java:185)
	at io.restassured.internal.ResponseSpecificationImpl.statusCode(ResponseSpecificationImpl.groovy:126)
	at io.restassured.specification.ResponseSpecification$statusCode$0.callCurrent(Unknown Source)
	at io.restassured.internal.ResponseSpecificationImpl.statusCode(ResponseSpecificationImpl.groovy:134)
	at io.restassured.internal.ValidatableResponseOptionsImpl.statusCode(ValidatableResponseOptionsImpl.java:89)
	at io.restassured.internal.ValidatableResponseImpl.super$2$statusCode(ValidatableResponseImpl.groovy)
	at groovy.lang.MetaMethod.doMethodInvoke(MetaMethod.java:323)
	at groovy.lang.MetaClassImpl.invokeMethod(MetaClassImpl.java:1268)
	at org.codehaus.groovy.runtime.ScriptBytecodeAdapter.invokeMethodOnSuperN(ScriptBytecodeAdapter.java:144)
	at io.restassured.internal.ValidatableResponseImpl.statusCode(ValidatableResponseImpl.groovy:142)
	at io.restassured.internal.ValidatableResponseImpl.statusCode(ValidatableResponseImpl.groovy)
	at demoapi.Search.testSearchWithoutQuery(Search.java:31)
	at java.base/java.util.ArrayList.forEach(ArrayList.java:1511)
... Removed 34 stack frames</div></td></tr></table><p class="totop"><a href="#summary">back to summary</a></p>
<h3 id="m7">demoapi.Login#verifyLoginWithInvalidPassword</h3><table class="result"><tr><th class="invisible"/></tr></table><p class="totop"><a href="#summary">back to summary</a></p>
<h3 id="m8">demoapi.Login#verifyLoginWithInvalidUsername</h3><table class="result"><tr><th class="invisible"/></tr></table><p class="totop"><a href="#summary">back to summary</a></p>
<h3 id="m9">demoapi.Login#verifyLoginWithMissingCredentials</h3><table class="result"><tr><th class="invisible"/></tr></table><p class="totop"><a href="#summary">back to summary</a></p>
<h3 id="m10">demoapi.Login#verifyLoginWithUnusualCharactersInCredentials</h3><table class="result"><tr><th class="invisible"/></tr></table><p class="totop"><a href="#summary">back to summary</a></p>
<h3 id="m11">demoapi.ProductAddTest#testAddProduct</h3><table class="result"><tr class="param"><th>Parameter #1</th><th>Parameter #2</th></tr><tr class="param stripe"><td>{&quot;title&quot;:&quot;New Product&quot;, &quot;description&quot;:&quot;A new product description&quot;, &quot;price&quot;:100, &quot;brand&quot;:&quot;Test Brand&quot;, &quot;category&quot;:&quot;Test Category&quot;}</td><td>200</td></tr></table><p class="totop"><a href="#summary">back to summary</a></p>
<h3 id="m12">demoapi.ProductAddTest#testAddProduct</h3><table class="result"><tr class="param"><th>Parameter #1</th><th>Parameter #2</th></tr><tr class="param stripe"><td>{&quot;title&quot;:&quot;Special! @#%&quot;, &quot;description&quot;:&quot;Contains special characters *&amp;^%&quot;, &quot;price&quot;:100, &quot;category&quot;:&quot;Test&quot;}</td><td>200</td></tr></table><p class="totop"><a href="#summary">back to summary</a></p>
<h3 id="m13">demoapi.ProductAddTest#testAddProduct</h3><table class="result"><tr class="param"><th>Parameter #1</th><th>Parameter #2</th></tr><tr class="param stripe"><td>{&quot;title&quot;:&quot;Existing Product&quot;, &quot;description&quot;:&quot;A product with an existing name&quot;, &quot;price&quot;:150, &quot;brand&quot;:&quot;Test Brand&quot;, &quot;category&quot;:&quot;Test Category&quot;}</td><td>200</td></tr></table><p class="totop"><a href="#summary">back to summary</a></p>
<h3 id="m14">demoapi.Search#testSearchWithLongString</h3><table class="result"><tr><th class="invisible"/></tr></table><p class="totop"><a href="#summary">back to summary</a></p>
<h3 id="m15">demoapi.Search#testSearchWithNonExistentProduct</h3><table class="result"><tr><th class="invisible"/></tr></table><p class="totop"><a href="#summary">back to summary</a></p>
<h3 id="m16">demoapi.Search#testSearchWithNumericQuery</h3><table class="result"><tr><th class="invisible"/></tr></table><p class="totop"><a href="#summary">back to summary</a></p>
<h3 id="m17">demoapi.Search#testSearchWithQueryPhone</h3><table class="result"><tr><th class="invisible"/></tr></table><p class="totop"><a href="#summary">back to summary</a></p>
<h3 id="m18">demoapi.Search#testSearchWithSpecialCharacters</h3><table class="result"><tr><th class="invisible"/></tr></table><p class="totop"><a href="#summary">back to summary</a></p>
<h3 id="m19">demoapi.Search#testSearchWithSpecificProductName</h3><table class="result"><tr><th class="invisible"/></tr></table><p class="totop"><a href="#summary">back to summary</a></p>
</body>
</html>
